[2021-12-31 21:02:17.112] [settingssync] [info] Using settings sync service https://vscode-sync.trafficmanager.net/
[2021-12-31 21:02:17.114] [settingssync] [info] Auto Sync is enabled.
[2021-12-31 21:02:17.114] [settingssync] [info] Auto Sync: Suspended until auth token is available.
[2021-12-31 21:02:17.860] [settingssync] [info] Auto Sync: Started
[2021-12-31 21:02:17.860] [settingssync] [info] Auto Sync: Triggered by Interval
[2021-12-31 21:02:18.576] [settingssync] [info] Settings: No changes found during synchronizing settings.
[2021-12-31 21:02:18.621] [settingssync] [info] Keybindings: No changes found during synchronizing keybindings.
[2021-12-31 21:02:18.635] [settingssync] [info] Snippets: No changes found during synchronizing snippets.
[2021-12-31 21:02:19.037] [settingssync] [info] GlobalState: Updated remote ui state
[2021-12-31 21:02:19.042] [settingssync] [info] GlobalState: Updated last synchronized ui state
[2021-12-31 21:02:19.114] [settingssync] [info] Extensions: No changes found during synchronizing extensions.
[2021-12-31 21:02:19.115] [settingssync] [info] Sync done. Took 559ms
[2021-12-31 21:02:20.153] [settingssync] [info] Auto Sync: Triggered by Activity
[2021-12-31 21:02:20.359] [settingssync] [info] Settings: No changes found during synchronizing settings.
[2021-12-31 21:02:20.370] [settingssync] [info] Keybindings: No changes found during synchronizing keybindings.
[2021-12-31 21:02:20.387] [settingssync] [info] Snippets: No changes found during synchronizing snippets.
[2021-12-31 21:02:20.416] [settingssync] [info] GlobalState: No changes found during synchronizing ui state.
[2021-12-31 21:02:20.565] [settingssync] [info] Extensions: No changes found during synchronizing extensions.
[2021-12-31 21:02:20.566] [settingssync] [info] Sync done. Took 223ms
[2021-12-31 21:04:38.597] [settingssync] [info] Auto Sync: Triggered by Activity
[2021-12-31 21:04:44.123] [settingssync] [info] Settings: No changes found during synchronizing settings.
[2021-12-31 21:04:44.128] [settingssync] [info] Keybindings: No changes found during synchronizing keybindings.
[2021-12-31 21:04:44.131] [settingssync] [info] Snippets: No changes found during synchronizing snippets.
[2021-12-31 21:04:44.142] [settingssync] [info] GlobalState: No changes found during synchronizing ui state.
[2021-12-31 21:04:44.228] [settingssync] [info] Extensions: No changes found during synchronizing extensions.
[2021-12-31 21:04:44.229] [settingssync] [info] Sync done. Took 141ms
[2021-12-31 21:09:44.233] [settingssync] [info] Auto Sync: Triggered by Interval
[2021-12-31 21:09:44.716] [settingssync] [info] Settings: No changes found during synchronizing settings.
[2021-12-31 21:09:44.719] [settingssync] [info] Keybindings: No changes found during synchronizing keybindings.
[2021-12-31 21:09:44.721] [settingssync] [info] Snippets: No changes found during synchronizing snippets.
[2021-12-31 21:09:44.733] [settingssync] [info] GlobalState: No changes found during synchronizing ui state.
[2021-12-31 21:09:44.798] [settingssync] [info] Extensions: No changes found during synchronizing extensions.
[2021-12-31 21:09:44.801] [settingssync] [info] Sync done. Took 89ms
