[2021-12-31 18:55:53.208] [settingssync] [info] Using settings sync service https://vscode-sync.trafficmanager.net/
[2021-12-31 18:55:53.208] [settingssync] [info] Auto Sync is enabled.
[2021-12-31 18:55:53.208] [settingssync] [info] Auto Sync: Suspended until auth token is available.
[2021-12-31 18:55:55.466] [settingssync] [info] Auto Sync: Started
[2021-12-31 18:55:55.466] [settingssync] [info] Auto Sync: Triggered by Interval
[2021-12-31 18:55:56.346] [settingssync] [info] Settings: No changes found during synchronizing settings.
[2021-12-31 18:55:56.496] [settingssync] [info] Keybindings: No changes found during synchronizing keybindings.
[2021-12-31 18:55:56.575] [settingssync] [info] Snippets: No changes found during synchronizing snippets.
[2021-12-31 18:55:57.070] [settingssync] [info] GlobalState: Updated global state ["extensionTips/promptedExecutableTips","extensionsAssistant/ignored_recommendations","workbench.activity.pinnedViewlets2","nps/lastSessionDate","nps/skipVersion"]
[2021-12-31 18:55:57.071] [settingssync] [info] GlobalState: Updated local ui state
[2021-12-31 18:55:58.922] [settingssync] [info] GlobalState: Updated remote ui state
[2021-12-31 18:55:58.933] [settingssync] [info] GlobalState: Updated last synchronized ui state
[2021-12-31 18:56:01.607] [settingssync] [info] Extensions: Updated remote extensions. Updated: ["ms-python.python","pkief.material-icon-theme","ms-python.vscode-pylance","ms-toolsai.jupyter-renderers"].
[2021-12-31 18:56:01.618] [settingssync] [info] Extensions: Updated last synchronized extensions.
[2021-12-31 18:56:01.620] [settingssync] [info] Sync done. Took 5383ms
[2021-12-31 18:56:01.621] [settingssync] [info] Auto Sync: Triggered by Activity
[2021-12-31 18:56:01.789] [settingssync] [info] Settings: No changes found during synchronizing settings.
[2021-12-31 18:56:01.793] [settingssync] [info] Keybindings: No changes found during synchronizing keybindings.
[2021-12-31 18:56:01.795] [settingssync] [info] Snippets: No changes found during synchronizing snippets.
[2021-12-31 18:56:01.809] [settingssync] [info] GlobalState: No changes found during synchronizing ui state.
[2021-12-31 18:56:02.180] [settingssync] [info] Extensions: Updated remote extensions. Updated: ["pkief.material-icon-theme"].
[2021-12-31 18:56:02.190] [settingssync] [info] Extensions: Updated last synchronized extensions.
[2021-12-31 18:56:02.192] [settingssync] [info] Sync done. Took 408ms
[2021-12-31 18:56:02.377] [settingssync] [info] Auto Sync: Triggered by Activity
[2021-12-31 18:56:02.543] [settingssync] [info] Settings: No changes found during synchronizing settings.
[2021-12-31 18:56:02.550] [settingssync] [info] Keybindings: No changes found during synchronizing keybindings.
[2021-12-31 18:56:02.552] [settingssync] [info] Snippets: No changes found during synchronizing snippets.
[2021-12-31 18:56:02.558] [settingssync] [info] GlobalState: No changes found during synchronizing ui state.
[2021-12-31 18:56:02.642] [settingssync] [info] Extensions: No changes found during synchronizing extensions.
[2021-12-31 18:56:02.645] [settingssync] [info] Sync done. Took 104ms
[2021-12-31 18:56:03.993] [settingssync] [info] Auto Sync: Triggered by Activity
[2021-12-31 18:56:04.206] [settingssync] [info] Settings: No changes found during synchronizing settings.
[2021-12-31 18:56:04.208] [settingssync] [info] Keybindings: No changes found during synchronizing keybindings.
[2021-12-31 18:56:04.210] [settingssync] [info] Snippets: No changes found during synchronizing snippets.
[2021-12-31 18:56:04.216] [settingssync] [info] GlobalState: No changes found during synchronizing ui state.
[2021-12-31 18:56:04.274] [settingssync] [info] Extensions: No changes found during synchronizing extensions.
[2021-12-31 18:56:04.275] [settingssync] [info] Sync done. Took 74ms
