[2021-11-23 17:09:46.964] [exthost] [info] Extension host with pid 10179 started
[2021-11-23 17:09:47.104] [exthost] [info] ExtensionService#_doActivateExtension vscode.microsoft-authentication, startup: false, activationEvent: 'onAuthenticationRequest:microsoft'
[2021-11-23 17:09:47.118] [exthost] [info] ExtensionService#_doActivateExtension vscode.debug-auto-launch, startup: true, activationEvent: '*'
[2021-11-23 17:09:47.133] [exthost] [info] ExtensionService#_doActivateExtension vscode.git, startup: true, activationEvent: '*', root cause: vscode.github
[2021-11-23 17:09:47.165] [exthost] [info] ExtensionService#_doActivateExtension PKief.material-icon-theme, startup: true, activationEvent: '*'
[2021-11-23 17:09:47.348] [exthost] [info] ExtensionService#_doActivateExtension vscode.github, startup: true, activationEvent: '*'
[2021-11-23 17:09:47.375] [exthost] [info] Eager extensions activated
[2021-11-23 17:09:47.380] [exthost] [info] ExtensionService#_doActivateExtension vscode.github-authentication, startup: false, activationEvent: 'onAuthenticationRequest:github'
[2021-11-23 17:09:47.396] [exthost] [info] ExtensionService#_doActivateExtension vscode.merge-conflict, startup: false, activationEvent: 'onStartupFinished'
[2021-11-23 17:09:47.397] [exthost] [info] ExtensionService#_doActivateExtension esbenp.prettier-vscode, startup: false, activationEvent: 'onStartupFinished'
[2021-11-23 17:09:48.024] [exthost] [info] ExtensionService#_doActivateExtension ms-vscode-remote.remote-wsl, startup: false, activationEvent: 'onStartupFinished'
[2021-11-23 17:09:48.817] [exthost] [info] ExtensionService#_doActivateExtension vscode.configuration-editing, startup: false, activationEvent: 'onLanguage:jsonc'
[2021-11-23 17:09:48.820] [exthost] [info] ExtensionService#_doActivateExtension vscode.json-language-features, startup: false, activationEvent: 'onLanguage:jsonc'
[2021-11-23 17:09:48.836] [exthost] [info] ExtensionService#_doActivateExtension vscode.typescript-language-features, startup: false, activationEvent: 'onLanguage:jsonc'
[2021-11-23 17:10:03.380] [exthost] [info] extension host terminating: renderer closed the socket
[2021-11-23 17:10:03.424] [exthost] [error] ProxyResolver#resolveProxy Canceled: Canceled
	at Object.i [as canceled] (/opt/visual-studio-code/resources/app/out/vs/workbench/services/extensions/node/extensionHostProcess.js:5:1157)
	at n._remoteCall (/opt/visual-studio-code/resources/app/out/vs/workbench/services/extensions/node/extensionHostProcess.js:98:13876)
	at Proxy.N.<computed>.F.charCodeAt.N.<computed> (/opt/visual-studio-code/resources/app/out/vs/workbench/services/extensions/node/extensionHostProcess.js:98:10271)
	at u.resolveProxy (/opt/visual-studio-code/resources/app/out/vs/workbench/services/extensions/node/extensionHostProcess.js:98:39347)
	at Object.resolveProxy (/opt/visual-studio-code/resources/app/out/vs/workbench/services/extensions/node/extensionHostProcess.js:103:58426)
	at useProxySettings (/opt/visual-studio-code/resources/app/node_modules.asar/vscode-proxy-agent/out/index.js:159:16)
	at /opt/visual-studio-code/resources/app/node_modules.asar/vscode-proxy-agent/out/index.js:107:13
	at /opt/visual-studio-code/resources/app/node_modules.asar/vscode-proxy-agent/out/index.js:335:13
	at processTicksAndRejections (internal/process/task_queues.js:93:5) 
[2021-11-23 17:10:04.414] [exthost] [info] Extension host with pid 10179 exiting with code 0
