[2021-11-24 15:50:36.000] [settingssync] [info] Using settings sync service https://vscode-sync.trafficmanager.net/
[2021-11-24 15:50:36.000] [settingssync] [info] Auto Sync is enabled.
[2021-11-24 15:50:36.000] [settingssync] [info] Auto Sync: Suspended until auth token is available.
[2021-11-24 15:50:37.492] [settingssync] [info] Auto Sync: Started
[2021-11-24 15:50:37.493] [settingssync] [info] Auto Sync: Triggered by Interval
[2021-11-24 15:52:48.583] [settingssync] [info] Request failed https://vscode-sync.trafficmanager.net/v1/resource/machines/latest
[2021-11-24 15:52:48.584] [settingssync] [error] RequestFailed (UserDataSyncError) syncResource:unknown operationId:unknown: Connection refused for the request 'https://vscode-sync.trafficmanager.net/v1/resource/machines/latest'.
    at p.request (vscode-file://vscode-app/opt/visual-studio-code/resources/app/out/vs/code/electron-browser/sharedProcess/sharedProcessMain.js:76:174320)
    at async p.read (vscode-file://vscode-app/opt/visual-studio-code/resources/app/out/vs/code/electron-browser/sharedProcess/sharedProcessMain.js:76:170766)
    at async tt.readMachinesData (vscode-file://vscode-app/opt/visual-studio-code/resources/app/out/vs/code/electron-browser/sharedProcess/sharedProcessMain.js:76:124907)
    at async tt.getMachines (vscode-file://vscode-app/opt/visual-studio-code/resources/app/out/vs/code/electron-browser/sharedProcess/sharedProcessMain.js:76:123582)
    at async a.doSync (vscode-file://vscode-app/opt/visual-studio-code/resources/app/out/vs/code/electron-browser/sharedProcess/sharedProcessMain.js:76:138171)
[2021-11-24 15:52:48.584] [settingssync] [error] RequestFailed (UserDataSyncError) syncResource:unknown operationId:unknown: Connection refused for the request 'https://vscode-sync.trafficmanager.net/v1/resource/machines/latest'.
    at p.request (vscode-file://vscode-app/opt/visual-studio-code/resources/app/out/vs/code/electron-browser/sharedProcess/sharedProcessMain.js:76:174320)
    at async p.read (vscode-file://vscode-app/opt/visual-studio-code/resources/app/out/vs/code/electron-browser/sharedProcess/sharedProcessMain.js:76:170766)
    at async tt.readMachinesData (vscode-file://vscode-app/opt/visual-studio-code/resources/app/out/vs/code/electron-browser/sharedProcess/sharedProcessMain.js:76:124907)
    at async tt.getMachines (vscode-file://vscode-app/opt/visual-studio-code/resources/app/out/vs/code/electron-browser/sharedProcess/sharedProcessMain.js:76:123582)
    at async a.doSync (vscode-file://vscode-app/opt/visual-studio-code/resources/app/out/vs/code/electron-browser/sharedProcess/sharedProcessMain.js:76:138171)
[2021-11-24 15:52:48.585] [settingssync] [info] Auto Sync: Triggered by Activity
[2021-11-24 15:54:10.978] [settingssync] [info] Settings: No changes found during synchronizing settings.
[2021-11-24 15:54:11.054] [settingssync] [info] Keybindings: No changes found during synchronizing keybindings.
[2021-11-24 15:54:11.076] [settingssync] [info] Snippets: No changes found during synchronizing snippets.
[2021-11-24 15:54:11.482] [settingssync] [info] GlobalState: Updated remote ui state
[2021-11-24 15:54:11.493] [settingssync] [info] GlobalState: Updated last synchronized ui state
[2021-11-24 15:54:11.578] [settingssync] [info] Extensions: No changes found during synchronizing extensions.
[2021-11-24 15:54:11.587] [settingssync] [info] Sync done. Took 668ms
[2021-11-24 15:54:11.589] [settingssync] [info] Auto Sync: Triggered by Activity
[2021-11-24 15:54:11.765] [settingssync] [info] Settings: No changes found during synchronizing settings.
[2021-11-24 15:54:11.768] [settingssync] [info] Keybindings: No changes found during synchronizing keybindings.
[2021-11-24 15:54:11.770] [settingssync] [info] Snippets: No changes found during synchronizing snippets.
[2021-11-24 15:54:11.775] [settingssync] [info] GlobalState: No changes found during synchronizing ui state.
[2021-11-24 15:54:11.853] [settingssync] [info] Extensions: No changes found during synchronizing extensions.
[2021-11-24 15:54:11.854] [settingssync] [info] Sync done. Took 94ms
